{"uid":"1039325631a1d6e5","name":"Проверка входа в систему с именем и паролем","fullName":"tests.LoginTest.checkLogin","historyId":"2dbd360e0c077ef362216ddfe575899c","time":{"start":1753996642748,"stop":1753996647753,"duration":5005},"status":"broken","statusMessage":"Method tests.LoginTest.checkLogin() didn't finish within the time-out 5000","statusTrace":"org.testng.internal.thread.ThreadTimeoutException: Method tests.LoginTest.checkLogin() didn't finish within the time-out 5000\n\tat java.base@17.0.16/jdk.internal.misc.Unsafe.park(Native Method)\n\tat java.base@17.0.16/java.util.concurrent.locks.LockSupport.park(LockSupport.java:211)\n\tat java.base@17.0.16/java.util.concurrent.CompletableFuture$Signaller.block(CompletableFuture.java:1864)\n\tat java.base@17.0.16/java.util.concurrent.ForkJoinPool.unmanagedBlock(ForkJoinPool.java:3465)\n\tat java.base@17.0.16/java.util.concurrent.ForkJoinPool.managedBlock(ForkJoinPool.java:3436)\n\tat java.base@17.0.16/java.util.concurrent.CompletableFuture.waitingGet(CompletableFuture.java:1898)\n\tat java.base@17.0.16/java.util.concurrent.CompletableFuture.get(CompletableFuture.java:2072)\n\tat app//org.openqa.selenium.remote.http.jdk.JdkHttpClient.execute(JdkHttpClient.java:416)\n\tat app//org.openqa.selenium.remote.HttpCommandExecutor.execute(HttpCommandExecutor.java:212)\n\tat app//org.openqa.selenium.remote.service.DriverCommandExecutor.invokeExecute(DriverCommandExecutor.java:216)\n\tat app//org.openqa.selenium.remote.service.DriverCommandExecutor.execute(DriverCommandExecutor.java:174)\n\tat app//org.openqa.selenium.remote.RemoteWebDriver.execute(RemoteWebDriver.java:544)\n\tat app//org.openqa.selenium.remote.ElementLocation$ElementFinder$2.findElement(ElementLocation.java:165)\n\tat app//org.openqa.selenium.remote.ElementLocation.findElement(ElementLocation.java:66)\n\tat app//org.openqa.selenium.remote.RemoteWebDriver.findElement(RemoteWebDriver.java:367)\n\tat app//org.openqa.selenium.remote.RemoteWebDriver.findElement(RemoteWebDriver.java:361)\n\tat app//org.openqa.selenium.support.ui.ExpectedConditions$7.apply(ExpectedConditions.java:194)\n\tat app//org.openqa.selenium.support.ui.ExpectedConditions$7.apply(ExpectedConditions.java:190)\n\tat app//org.openqa.selenium.support.ui.FluentWait.until(FluentWait.java:203)\n\tat app//pages.ProductsPage.isPageOpened(ProductsPage.java:28)\n\tat app//steps.LoginStep.authorisation(LoginStep.java:23)\n\tat app//tests.LoginTest.checkLogin(LoginTest.java:73)\n\tat java.base@17.0.16/jdk.internal.reflect.NativeMethodAccessorImpl.invoke0(Native Method)\n\tat java.base@17.0.16/jdk.internal.reflect.NativeMethodAccessorImpl.invoke(NativeMethodAccessorImpl.java:77)\n\tat java.base@17.0.16/jdk.internal.reflect.DelegatingMethodAccessorImpl.invoke(DelegatingMethodAccessorImpl.java:43)\n\tat java.base@17.0.16/java.lang.reflect.Method.invoke(Method.java:569)\n\tat app//org.testng.internal.invokers.MethodInvocationHelper.invokeMethod(MethodInvocationHelper.java:141)\n\tat app//org.testng.internal.invokers.InvokeMethodRunnable.runOne(InvokeMethodRunnable.java:47)\n\tat app//org.testng.internal.invokers.InvokeMethodRunnable.call(InvokeMethodRunnable.java:76)\n\tat app//org.testng.internal.invokers.InvokeMethodRunnable.call(InvokeMethodRunnable.java:11)\n\tat java.base@17.0.16/java.util.concurrent.FutureTask.run(FutureTask.java:264)\n\tat java.base@17.0.16/java.util.concurrent.ThreadPoolExecutor.runWorker(ThreadPoolExecutor.java:1136)\n\tat java.base@17.0.16/java.util.concurrent.ThreadPoolExecutor$Worker.run(ThreadPoolExecutor.java:635)\n\tat java.base@17.0.16/java.lang.Thread.run(Thread.java:840)\n","flaky":false,"newFailed":false,"newBroken":false,"newPassed":false,"retriesCount":0,"retriesStatusChange":false,"beforeStages":[{"name":"Настройка драйвера","time":{"start":1753996642424,"stop":1753996642747,"duration":323},"description":"Настройка драйвера","status":"passed","steps":[],"attachments":[],"parameters":[],"shouldDisplayMessage":false,"stepsCount":0,"attachmentsCount":0,"hasContent":false,"attachmentStep":false}],"testStage":{"status":"broken","statusMessage":"Method tests.LoginTest.checkLogin() didn't finish within the time-out 5000","statusTrace":"org.testng.internal.thread.ThreadTimeoutException: Method tests.LoginTest.checkLogin() didn't finish within the time-out 5000\n\tat java.base@17.0.16/jdk.internal.misc.Unsafe.park(Native Method)\n\tat java.base@17.0.16/java.util.concurrent.locks.LockSupport.park(LockSupport.java:211)\n\tat java.base@17.0.16/java.util.concurrent.CompletableFuture$Signaller.block(CompletableFuture.java:1864)\n\tat java.base@17.0.16/java.util.concurrent.ForkJoinPool.unmanagedBlock(ForkJoinPool.java:3465)\n\tat java.base@17.0.16/java.util.concurrent.ForkJoinPool.managedBlock(ForkJoinPool.java:3436)\n\tat java.base@17.0.16/java.util.concurrent.CompletableFuture.waitingGet(CompletableFuture.java:1898)\n\tat java.base@17.0.16/java.util.concurrent.CompletableFuture.get(CompletableFuture.java:2072)\n\tat app//org.openqa.selenium.remote.http.jdk.JdkHttpClient.execute(JdkHttpClient.java:416)\n\tat app//org.openqa.selenium.remote.HttpCommandExecutor.execute(HttpCommandExecutor.java:212)\n\tat app//org.openqa.selenium.remote.service.DriverCommandExecutor.invokeExecute(DriverCommandExecutor.java:216)\n\tat app//org.openqa.selenium.remote.service.DriverCommandExecutor.execute(DriverCommandExecutor.java:174)\n\tat app//org.openqa.selenium.remote.RemoteWebDriver.execute(RemoteWebDriver.java:544)\n\tat app//org.openqa.selenium.remote.ElementLocation$ElementFinder$2.findElement(ElementLocation.java:165)\n\tat app//org.openqa.selenium.remote.ElementLocation.findElement(ElementLocation.java:66)\n\tat app//org.openqa.selenium.remote.RemoteWebDriver.findElement(RemoteWebDriver.java:367)\n\tat app//org.openqa.selenium.remote.RemoteWebDriver.findElement(RemoteWebDriver.java:361)\n\tat app//org.openqa.selenium.support.ui.ExpectedConditions$7.apply(ExpectedConditions.java:194)\n\tat app//org.openqa.selenium.support.ui.ExpectedConditions$7.apply(ExpectedConditions.java:190)\n\tat app//org.openqa.selenium.support.ui.FluentWait.until(FluentWait.java:203)\n\tat app//pages.ProductsPage.isPageOpened(ProductsPage.java:28)\n\tat app//steps.LoginStep.authorisation(LoginStep.java:23)\n\tat app//tests.LoginTest.checkLogin(LoginTest.java:73)\n\tat java.base@17.0.16/jdk.internal.reflect.NativeMethodAccessorImpl.invoke0(Native Method)\n\tat java.base@17.0.16/jdk.internal.reflect.NativeMethodAccessorImpl.invoke(NativeMethodAccessorImpl.java:77)\n\tat java.base@17.0.16/jdk.internal.reflect.DelegatingMethodAccessorImpl.invoke(DelegatingMethodAccessorImpl.java:43)\n\tat java.base@17.0.16/java.lang.reflect.Method.invoke(Method.java:569)\n\tat app//org.testng.internal.invokers.MethodInvocationHelper.invokeMethod(MethodInvocationHelper.java:141)\n\tat app//org.testng.internal.invokers.InvokeMethodRunnable.runOne(InvokeMethodRunnable.java:47)\n\tat app//org.testng.internal.invokers.InvokeMethodRunnable.call(InvokeMethodRunnable.java:76)\n\tat app//org.testng.internal.invokers.InvokeMethodRunnable.call(InvokeMethodRunnable.java:11)\n\tat java.base@17.0.16/java.util.concurrent.FutureTask.run(FutureTask.java:264)\n\tat java.base@17.0.16/java.util.concurrent.ThreadPoolExecutor.runWorker(ThreadPoolExecutor.java:1136)\n\tat java.base@17.0.16/java.util.concurrent.ThreadPoolExecutor$Worker.run(ThreadPoolExecutor.java:635)\n\tat java.base@17.0.16/java.lang.Thread.run(Thread.java:840)\n","steps":[{"name":"Открытие страницы логина","time":{"start":1753996642751,"stop":1753996642925,"duration":174},"status":"passed","steps":[],"attachments":[],"parameters":[],"shouldDisplayMessage":false,"stepsCount":0,"attachmentsCount":0,"hasContent":false,"attachmentStep":false},{"name":"Вход в систему с именем пользователя ${(secrets.SD_USER)} и паролем ${(secrets.SD_PASSWORD)}","time":{"start":1753996642950,"stop":1753996643187,"duration":237},"status":"passed","steps":[],"attachments":[],"parameters":[{"name":"user","value":"${(secrets.SD_USER)}"},{"name":"password","value":"${(secrets.SD_PASSWORD)}"}],"shouldDisplayMessage":false,"stepsCount":0,"attachmentsCount":0,"hasContent":true,"attachmentStep":false}],"attachments":[],"parameters":[],"shouldDisplayMessage":true,"stepsCount":2,"attachmentsCount":0,"hasContent":true,"attachmentStep":false},"afterStages":[{"name":"Закрытие браузера","time":{"start":1753996647755,"stop":1753996663348,"duration":15593},"description":"Закрытие браузера","status":"passed","steps":[],"attachments":[{"uid":"de93d0f42df2f20a","name":"screenshot","source":"de93d0f42df2f20a.png","type":"image/png","size":28941}],"parameters":[],"shouldDisplayMessage":false,"stepsCount":0,"attachmentsCount":1,"hasContent":true,"attachmentStep":false}],"labels":[{"name":"package","value":"tests.LoginTest"},{"name":"testClass","value":"tests.LoginTest"},{"name":"testMethod","value":"checkLogin"},{"name":"parentSuite","value":"Surefire suite"},{"name":"suite","value":"Surefire test"},{"name":"subSuite","value":"tests.LoginTest"},{"name":"host","value":"pkrvmjbmru5nbw0"},{"name":"thread","value":"2558@pkrvmjbmru5nbw0.main(1)"},{"name":"framework","value":"testng"},{"name":"language","value":"java"},{"name":"resultFormat","value":"allure2"}],"parameters":[],"links":[],"hidden":false,"retry":false,"extra":{"severity":"normal","retries":[],"categories":[{"name":"Test defects","matchedStatuses":[],"flaky":false}],"history":{"statistic":{"failed":0,"broken":2,"skipped":0,"passed":0,"unknown":0,"total":2},"items":[{"uid":"7b8792bab8aeedb1","reportUrl":"https://Igorrre.github.io/SauceDemoITM4/16//#testresult/7b8792bab8aeedb1","status":"broken","statusDetails":"Method tests.LoginTest.checkLogin() didn't finish within the time-out 5000","time":{"start":1753992967620,"stop":1753992972624,"duration":5004}}]},"tags":[]},"source":"1039325631a1d6e5.json","parameterValues":[]}